<?xml version="1.0" encoding="UTF-8"?>
<!-- Generated by org.testng.reporters.JUnitReportReporter -->
<testsuite skipped="0" hostname="LAPTOP-81OO3J3Q" name="com.hrms.testcases.AddEmployeeTest" tests="1" failures="0" timestamp="2020-09-10T23:50:45 EDT" time="21.550" errors="0">
  <testcase name="addMutipleEmployees" time="21.550" classname="com.hrms.testcases.AddEmployeeTest"/>
  <system-out/>
</testsuite> <!-- com.hrms.testcases.AddEmployeeTest -->
